Build started 12/20/2016 3:22:11 PM.
     1>Project "C:\Apoorva_General\Project\Apoorva_General.vcxproj" on node 2 (build target(s)).
     1>InitializeBuildStatus:
         Creating "x64\Debug\Apoorva_General.unsuccessfulbuild" because "AlwaysCreate" was specified.
       ClCompile:
         c:\Program Files (x86)\Microsoft Visual Studio 10.0\VC\bin\x86_amd64\CL.exe /c /Zi /nologo /W3 /WX- /Od /D WIN32 /D _DEBUG /D _CONSOLE /D _VC80_UPGRADE=0x0600 /D _MBCS /Gm /EHsc /RTC1 /MTd /GS /fp:precise /Zc:wchar_t /Zc:forScope /Fo".\Debug/" /Fd".\Debug/vc100.pdb" /Gd /TP /errorReport:prompt "..\OnlyTxRx-RS422-BC latest.cpp"
         OnlyTxRx-RS422-BC latest.cpp
     1>..\OnlyTxRx-RS422-BC latest.cpp(306): warning C4996: 'kbhit': The POSIX name for this item is deprecated. Instead, use the ISO C++ conformant name: _kbhit. See online help for details.
                 c:\Program Files (x86)\Microsoft Visual Studio 10.0\VC\include\conio.h(130) : see declaration of 'kbhit'
     1>..\OnlyTxRx-RS422-BC latest.cpp(179): warning C4101: 'bytes_to_Rx' : unreferenced local variable
     1>..\OnlyTxRx-RS422-BC latest.cpp(179): warning C4101: 'bytes_to_send' : unreferenced local variable
     1>..\OnlyTxRx-RS422-BC latest.cpp(183): warning C4101: 'NoOfBytesWritten' : unreferenced local variable
     1>..\OnlyTxRx-RS422-BC latest.cpp(179): warning C4101: 'fileLen' : unreferenced local variable
     1>..\OnlyTxRx-RS422-BC latest.cpp(180): warning C4101: 'tmpbuffer' : unreferenced local variable
     1>..\OnlyTxRx-RS422-BC latest.cpp(184): warning C4101: 'NoOfBytesRead' : unreferenced local variable
     1>..\OnlyTxRx-RS422-BC latest.cpp(366): warning C4996: 'fopen': This function or variable may be unsafe. Consider using fopen_s instead. To disable deprecation, use _CRT_SECURE_NO_WARNINGS. See online help for details.
                 c:\Program Files (x86)\Microsoft Visual Studio 10.0\VC\include\stdio.h(234) : see declaration of 'fopen'
       ManifestResourceCompile:
         All outputs are up-to-date.
       Link:
         c:\Program Files (x86)\Microsoft Visual Studio 10.0\VC\bin\x86_amd64\link.exe /ERRORREPORT:PROMPT /OUT:".\x64/Debug/Apoorva_General.exe" /INCREMENTAL /NOLOGO C:\Apoorva_General\Lib\Apoorva1553B.lib /MANIFEST /ManifestFile:"x64\Debug\Apoorva_General.exe.intermediate.manifest" /MANIFESTUAC:"level='asInvoker' uiAccess='false'" /DEBUG /PDB:".\x64/Debug/Apoorva_General.pdb" /SUBSYSTEM:CONSOLE /TLBID:1 /DYNAMICBASE:NO /IMPLIB:"x64\Debug\Apoorva_General.lib" /MACHINE:X64 /PROFILE x64\Debug\Apoorva_General.exe.embed.manifest.res
         ".\Debug/OnlyTxRx-RS422-BC latest.obj"
     1>LINK : warning LNK4075: ignoring '/INCREMENTAL' due to '/PROFILE' specification
         Apoorva_General.vcxproj -> C:\Apoorva_General\Project\x64\Debug\Apoorva_General.exe
       Manifest:
         c:\Program Files (x86)\Microsoft SDKs\Windows\v7.0A\bin\mt.exe /nologo /verbose /out:"x64\Debug\Apoorva_General.exe.embed.manifest" /manifest x64\Debug\Apoorva_General.exe.intermediate.manifest "c:\Program Files (x86)\Microsoft Visual Studio 10.0\VC\Include\Manifest\dpiaware.manifest"
         All outputs are up-to-date.
       LinkEmbedManifest:
         All outputs are up-to-date.
         Apoorva_General.vcxproj -> C:\Apoorva_General\Project\x64\Debug\Apoorva_General.exe
       FinalizeBuildStatus:
         Deleting file "x64\Debug\Apoorva_General.unsuccessfulbuild".
         Touching "x64\Debug\Apoorva_General.lastbuildstate".
     1>Done Building Project "C:\Apoorva_General\Project\Apoorva_General.vcxproj" (build target(s)).

Build succeeded.

Time Elapsed 00:00:01.17
