C:\FileSchedule\FileSchedule\x64\Debug\cl.command.1.tlog
C:\FileSchedule\FileSchedule\x64\Debug\CL.read.1.tlog
C:\FileSchedule\FileSchedule\x64\Debug\CL.write.1.tlog
C:\FILESCHEDULE\FILESCHEDULE\X64\DEBUG\FILESCHEDULE.EXE.EMBED.MANIFEST
C:\FILESCHEDULE\FILESCHEDULE\X64\DEBUG\FILESCHEDULE.EXE.EMBED.MANIFEST.RES
C:\FILESCHEDULE\FILESCHEDULE\X64\DEBUG\FILESCHEDULE.EXE.INTERMEDIATE.MANIFEST
C:\FILESCHEDULE\FILESCHEDULE\X64\DEBUG\FILESCHEDULE.PCH
C:\FileSchedule\FileSchedule\x64\Debug\FileSchedule.vcxprojResolveAssemblyReference.cache
C:\FileSchedule\FileSchedule\x64\Debug\FileSchedule.write.1.tlog
C:\FileSchedule\FileSchedule\x64\Debug\FileSchedule_manifest.rc
C:\FileSchedule\FileSchedule\x64\Debug\link.1144.read.1.tlog
C:\FileSchedule\FileSchedule\x64\Debug\link.1144.write.1.tlog
C:\FileSchedule\FileSchedule\x64\Debug\link.1144-cvtres.read.1.tlog
C:\FileSchedule\FileSchedule\x64\Debug\link.1144-cvtres.write.1.tlog
C:\FileSchedule\FileSchedule\x64\Debug\link.command.1.tlog
C:\FileSchedule\FileSchedule\x64\Debug\link.read.1.tlog
C:\FileSchedule\FileSchedule\x64\Debug\link.write.1.tlog
C:\FileSchedule\FileSchedule\x64\Debug\link-cvtres.read.1.tlog
C:\FileSchedule\FileSchedule\x64\Debug\link-cvtres.write.1.tlog
C:\FileSchedule\FileSchedule\x64\Debug\mt.command.1.tlog
C:\FileSchedule\FileSchedule\x64\Debug\mt.read.1.tlog
C:\FileSchedule\FileSchedule\x64\Debug\mt.write.1.tlog
C:\FileSchedule\FileSchedule\x64\Debug\rc.command.1.tlog
C:\FileSchedule\FileSchedule\x64\Debug\rc.read.1.tlog
C:\FileSchedule\FileSchedule\x64\Debug\rc.write.1.tlog
C:\FILESCHEDULE\FILESCHEDULE\X64\DEBUG\SAMPLE_SDEF.OBJ
C:\FILESCHEDULE\FILESCHEDULE\X64\DEBUG\STDAFX.OBJ
C:\FileSchedule\FileSchedule\x64\Debug\vc100.idb
C:\FILESCHEDULE\FILESCHEDULE\X64\DEBUG\VC100.PDB
C:\FILESCHEDULE\X64\DEBUG\FILESCHEDULE.EXE
C:\FILESCHEDULE\X64\DEBUG\FILESCHEDULE.ILK
C:\FILESCHEDULE\X64\DEBUG\FILESCHEDULE.PDB
